2018-05-13 20:48:59 - PHP Notice:  Error: Could not load template D:/git/case/xiong/catalog/view/theme/default/template/common/wap_header.tpl! in D:\git\case\xiong\vqmod\vqcache\vq2-system_storage_modification_system_engine_loader.php on line 86
2018-05-19 22:43:54 - PHP Notice:  Undefined variable: category in D:\git\case\xiong\catalog\view\theme\wap\header.tpl on line 79
2018-05-19 22:43:54 - PHP Notice:  Undefined variable: category in D:\git\case\xiong\catalog\view\theme\wap\header.tpl on line 88
2018-05-19 22:43:54 - PHP Notice:  Undefined variable: category in D:\git\case\xiong\catalog\view\theme\wap\header.tpl on line 88
2018-05-19 22:43:57 - PHP Notice:  Undefined variable: category in D:\git\case\xiong\catalog\view\theme\wap\header.tpl on line 79
2018-05-19 22:43:57 - PHP Notice:  Undefined variable: category in D:\git\case\xiong\catalog\view\theme\wap\header.tpl on line 88
2018-05-19 22:43:57 - PHP Notice:  Undefined variable: category in D:\git\case\xiong\catalog\view\theme\wap\header.tpl on line 88
2018-05-19 22:44:00 - PHP Notice:  Undefined variable: category in D:\git\case\xiong\catalog\view\theme\wap\header.tpl on line 79
2018-05-19 22:44:00 - PHP Notice:  Undefined variable: category in D:\git\case\xiong\catalog\view\theme\wap\header.tpl on line 88
2018-05-19 22:44:00 - PHP Notice:  Undefined variable: category in D:\git\case\xiong\catalog\view\theme\wap\header.tpl on line 88
2018-05-19 22:44:03 - PHP Notice:  Undefined variable: category in D:\git\case\xiong\catalog\view\theme\wap\header.tpl on line 79
2018-05-19 22:44:03 - PHP Notice:  Undefined variable: category in D:\git\case\xiong\catalog\view\theme\wap\header.tpl on line 88
2018-05-19 22:44:03 - PHP Notice:  Undefined variable: category in D:\git\case\xiong\catalog\view\theme\wap\header.tpl on line 88
2018-05-19 22:44:05 - PHP Notice:  Undefined variable: category in D:\git\case\xiong\catalog\view\theme\wap\header.tpl on line 79
2018-05-19 22:44:05 - PHP Notice:  Undefined variable: category in D:\git\case\xiong\catalog\view\theme\wap\header.tpl on line 88
2018-05-19 22:44:05 - PHP Notice:  Undefined variable: category in D:\git\case\xiong\catalog\view\theme\wap\header.tpl on line 88
2018-05-19 22:44:07 - PHP Notice:  Undefined variable: category in D:\git\case\xiong\catalog\view\theme\wap\header.tpl on line 79
2018-05-19 22:44:07 - PHP Notice:  Undefined variable: category in D:\git\case\xiong\catalog\view\theme\wap\header.tpl on line 88
2018-05-19 22:44:07 - PHP Notice:  Undefined variable: category in D:\git\case\xiong\catalog\view\theme\wap\header.tpl on line 88
2018-05-19 22:44:48 - PHP Notice:  Undefined variable: children in D:\git\case\xiong\catalog\view\theme\wap\header.tpl on line 83
2018-05-19 22:44:48 - PHP Warning:  Invalid argument supplied for foreach() in D:\git\case\xiong\catalog\view\theme\wap\header.tpl on line 83
2018-05-19 22:45:22 - PHP Warning:  require_once(catalog/controller/product/Mobile_Detect.php): failed to open stream: No such file or directory in D:\git\case\xiong\catalog\controller\product\m_category.php on line 294
2018-05-19 22:45:48 - PHP Warning:  require_once(catalog/controller/product/Mobile_Detect.php): failed to open stream: No such file or directory in D:\git\case\xiong\catalog\controller\product\m_category.php on line 294
2018-05-20 16:16:24 - PHP Notice:  Undefined index: product_id in D:\git\case\xiong\vqmod\vqcache\vq2-system_storage_modification_catalog_controller_product_product.php on line 756
2018-05-20 16:16:24 - PHP Notice:  Undefined index: product_id in D:\git\case\xiong\vqmod\vqcache\vq2-system_storage_modification_catalog_controller_product_product.php on line 758
2018-05-20 16:16:24 - PHP Notice:  Undefined index: product_id in D:\git\case\xiong\vqmod\vqcache\vq2-system_storage_modification_catalog_controller_product_product.php on line 773
2018-05-20 16:16:47 - PHP Notice:  Undefined variable: product_id in D:\git\case\xiong\vqmod\vqcache\vq2-system_storage_modification_catalog_controller_product_product.php on line 1251
2018-05-20 16:19:30 - PHP Notice:  Undefined index: start in D:\git\case\xiong\vqmod\vqcache\vq2-system_storage_modification_catalog_controller_product_product.php on line 10
2018-05-20 16:19:30 - PHP Notice:  Undefined variable: setting in D:\git\case\xiong\vqmod\vqcache\vq2-system_storage_modification_catalog_controller_product_product.php on line 29
2018-05-20 16:19:30 - PHP Notice:  Undefined variable: setting in D:\git\case\xiong\vqmod\vqcache\vq2-system_storage_modification_catalog_controller_product_product.php on line 29
2018-05-20 16:19:30 - PHP Warning:  imagecreatetruecolor(): Invalid image dimensions in D:\git\case\xiong\system\library\image.php on line 105
2018-05-20 16:19:30 - PHP Warning:  imagecolorallocate() expects parameter 1 to be resource, boolean given in D:\git\case\xiong\system\library\image.php on line 113
2018-05-20 16:19:30 - PHP Warning:  imagefilledrectangle() expects parameter 1 to be resource, boolean given in D:\git\case\xiong\system\library\image.php on line 116
2018-05-20 16:19:30 - PHP Warning:  imagecopyresampled() expects parameter 1 to be resource, boolean given in D:\git\case\xiong\system\library\image.php on line 118
2018-05-20 16:19:30 - PHP Notice:  Undefined variable: setting in D:\git\case\xiong\vqmod\vqcache\vq2-system_storage_modification_catalog_controller_product_product.php on line 29
2018-05-20 16:19:30 - PHP Notice:  Undefined variable: setting in D:\git\case\xiong\vqmod\vqcache\vq2-system_storage_modification_catalog_controller_product_product.php on line 29
2018-05-20 16:19:30 - PHP Notice:  Undefined variable: setting in D:\git\case\xiong\vqmod\vqcache\vq2-system_storage_modification_catalog_controller_product_product.php on line 29
2018-05-20 16:19:30 - PHP Notice:  Undefined variable: setting in D:\git\case\xiong\vqmod\vqcache\vq2-system_storage_modification_catalog_controller_product_product.php on line 29
2018-05-20 16:19:30 - PHP Notice:  Undefined variable: setting in D:\git\case\xiong\vqmod\vqcache\vq2-system_storage_modification_catalog_controller_product_product.php on line 29
2018-05-20 16:19:30 - PHP Notice:  Undefined variable: setting in D:\git\case\xiong\vqmod\vqcache\vq2-system_storage_modification_catalog_controller_product_product.php on line 29
2018-05-20 16:19:30 - PHP Notice:  Undefined variable: setting in D:\git\case\xiong\vqmod\vqcache\vq2-system_storage_modification_catalog_controller_product_product.php on line 29
2018-05-20 16:19:30 - PHP Notice:  Undefined variable: setting in D:\git\case\xiong\vqmod\vqcache\vq2-system_storage_modification_catalog_controller_product_product.php on line 29
2018-05-20 16:19:30 - PHP Notice:  Undefined variable: setting in D:\git\case\xiong\vqmod\vqcache\vq2-system_storage_modification_catalog_controller_product_product.php on line 29
2018-05-20 16:19:30 - PHP Notice:  Undefined variable: setting in D:\git\case\xiong\vqmod\vqcache\vq2-system_storage_modification_catalog_controller_product_product.php on line 29
2018-05-20 16:19:30 - PHP Warning:  imagecreatetruecolor(): Invalid image dimensions in D:\git\case\xiong\system\library\image.php on line 105
2018-05-20 16:19:30 - PHP Warning:  imagecolorallocate() expects parameter 1 to be resource, boolean given in D:\git\case\xiong\system\library\image.php on line 113
2018-05-20 16:19:30 - PHP Warning:  imagefilledrectangle() expects parameter 1 to be resource, boolean given in D:\git\case\xiong\system\library\image.php on line 116
2018-05-20 16:19:30 - PHP Warning:  imagecopyresampled() expects parameter 1 to be resource, boolean given in D:\git\case\xiong\system\library\image.php on line 118
2018-05-20 16:19:30 - PHP Notice:  Undefined variable: setting in D:\git\case\xiong\vqmod\vqcache\vq2-system_storage_modification_catalog_controller_product_product.php on line 29
2018-05-20 16:19:30 - PHP Notice:  Undefined variable: setting in D:\git\case\xiong\vqmod\vqcache\vq2-system_storage_modification_catalog_controller_product_product.php on line 29
2018-05-20 16:19:30 - PHP Notice:  Undefined variable: setting in D:\git\case\xiong\vqmod\vqcache\vq2-system_storage_modification_catalog_controller_product_product.php on line 29
2018-05-20 16:19:30 - PHP Notice:  Undefined variable: setting in D:\git\case\xiong\vqmod\vqcache\vq2-system_storage_modification_catalog_controller_product_product.php on line 29
2018-05-20 16:19:30 - PHP Notice:  Undefined variable: setting in D:\git\case\xiong\vqmod\vqcache\vq2-system_storage_modification_catalog_controller_product_product.php on line 29
2018-05-20 16:19:30 - PHP Notice:  Undefined variable: setting in D:\git\case\xiong\vqmod\vqcache\vq2-system_storage_modification_catalog_controller_product_product.php on line 29
2018-05-20 16:19:30 - PHP Notice:  Undefined variable: setting in D:\git\case\xiong\vqmod\vqcache\vq2-system_storage_modification_catalog_controller_product_product.php on line 29
2018-05-20 16:19:30 - PHP Notice:  Undefined variable: setting in D:\git\case\xiong\vqmod\vqcache\vq2-system_storage_modification_catalog_controller_product_product.php on line 29
2018-05-20 16:19:30 - PHP Notice:  Undefined variable: setting in D:\git\case\xiong\vqmod\vqcache\vq2-system_storage_modification_catalog_controller_product_product.php on line 29
2018-05-20 16:19:30 - PHP Notice:  Undefined variable: setting in D:\git\case\xiong\vqmod\vqcache\vq2-system_storage_modification_catalog_controller_product_product.php on line 29
2018-05-20 16:19:30 - PHP Notice:  Undefined variable: setting in D:\git\case\xiong\vqmod\vqcache\vq2-system_storage_modification_catalog_controller_product_product.php on line 29
2018-05-20 16:19:30 - PHP Notice:  Undefined variable: setting in D:\git\case\xiong\vqmod\vqcache\vq2-system_storage_modification_catalog_controller_product_product.php on line 29
2018-05-20 16:19:30 - PHP Notice:  Undefined variable: setting in D:\git\case\xiong\vqmod\vqcache\vq2-system_storage_modification_catalog_controller_product_product.php on line 29
2018-05-20 16:19:30 - PHP Notice:  Undefined variable: setting in D:\git\case\xiong\vqmod\vqcache\vq2-system_storage_modification_catalog_controller_product_product.php on line 29
2018-05-20 16:19:30 - PHP Notice:  Undefined variable: setting in D:\git\case\xiong\vqmod\vqcache\vq2-system_storage_modification_catalog_controller_product_product.php on line 29
2018-05-20 16:19:30 - PHP Notice:  Undefined variable: setting in D:\git\case\xiong\vqmod\vqcache\vq2-system_storage_modification_catalog_controller_product_product.php on line 29
2018-05-20 16:19:30 - PHP Notice:  Undefined variable: setting in D:\git\case\xiong\vqmod\vqcache\vq2-system_storage_modification_catalog_controller_product_product.php on line 29
2018-05-20 16:19:30 - PHP Notice:  Undefined variable: setting in D:\git\case\xiong\vqmod\vqcache\vq2-system_storage_modification_catalog_controller_product_product.php on line 29
2018-05-20 16:19:30 - PHP Warning:  imagecreatetruecolor(): Invalid image dimensions in D:\git\case\xiong\system\library\image.php on line 105
2018-05-20 16:19:30 - PHP Warning:  imagealphablending() expects parameter 1 to be resource, boolean given in D:\git\case\xiong\system\library\image.php on line 108
2018-05-20 16:19:30 - PHP Warning:  imagesavealpha() expects parameter 1 to be resource, boolean given in D:\git\case\xiong\system\library\image.php on line 109
2018-05-20 16:19:30 - PHP Warning:  imagecolorallocatealpha() expects parameter 1 to be resource, boolean given in D:\git\case\xiong\system\library\image.php on line 110
2018-05-20 16:19:30 - PHP Warning:  imagecolortransparent() expects parameter 1 to be resource, boolean given in D:\git\case\xiong\system\library\image.php on line 111
2018-05-20 16:19:30 - PHP Warning:  imagefilledrectangle() expects parameter 1 to be resource, boolean given in D:\git\case\xiong\system\library\image.php on line 116
2018-05-20 16:19:30 - PHP Warning:  imagecopyresampled() expects parameter 1 to be resource, boolean given in D:\git\case\xiong\system\library\image.php on line 118
2018-05-20 16:19:30 - PHP Notice:  Undefined variable: setting in D:\git\case\xiong\vqmod\vqcache\vq2-system_storage_modification_catalog_controller_product_product.php on line 29
2018-05-20 16:19:30 - PHP Notice:  Undefined variable: setting in D:\git\case\xiong\vqmod\vqcache\vq2-system_storage_modification_catalog_controller_product_product.php on line 29
2018-05-20 16:19:30 - PHP Notice:  Undefined variable: setting in D:\git\case\xiong\vqmod\vqcache\vq2-system_storage_modification_catalog_controller_product_product.php on line 29
2018-05-20 16:19:30 - PHP Notice:  Undefined variable: setting in D:\git\case\xiong\vqmod\vqcache\vq2-system_storage_modification_catalog_controller_product_product.php on line 29
2018-05-20 16:19:30 - PHP Notice:  Undefined variable: setting in D:\git\case\xiong\vqmod\vqcache\vq2-system_storage_modification_catalog_controller_product_product.php on line 29
2018-05-20 16:19:30 - PHP Notice:  Undefined variable: setting in D:\git\case\xiong\vqmod\vqcache\vq2-system_storage_modification_catalog_controller_product_product.php on line 29
2018-05-20 16:19:30 - PHP Notice:  Undefined variable: setting in D:\git\case\xiong\vqmod\vqcache\vq2-system_storage_modification_catalog_controller_product_product.php on line 29
2018-05-20 16:19:30 - PHP Notice:  Undefined variable: setting in D:\git\case\xiong\vqmod\vqcache\vq2-system_storage_modification_catalog_controller_product_product.php on line 29
2018-05-20 16:19:30 - PHP Notice:  Undefined variable: setting in D:\git\case\xiong\vqmod\vqcache\vq2-system_storage_modification_catalog_controller_product_product.php on line 29
2018-05-20 16:19:30 - PHP Notice:  Undefined variable: setting in D:\git\case\xiong\vqmod\vqcache\vq2-system_storage_modification_catalog_controller_product_product.php on line 29
2018-05-20 16:19:54 - PHP Notice:  Undefined index: start in D:\git\case\xiong\vqmod\vqcache\vq2-system_storage_modification_catalog_controller_product_product.php on line 10
2018-05-20 16:19:54 - PHP Notice:  Undefined variable: setting in D:\git\case\xiong\vqmod\vqcache\vq2-system_storage_modification_catalog_controller_product_product.php on line 29
2018-05-20 16:19:54 - PHP Notice:  Undefined variable: setting in D:\git\case\xiong\vqmod\vqcache\vq2-system_storage_modification_catalog_controller_product_product.php on line 29
2018-05-20 16:19:54 - PHP Warning:  imagecreatetruecolor(): Invalid image dimensions in D:\git\case\xiong\system\library\image.php on line 105
2018-05-20 16:19:54 - PHP Warning:  imagecolorallocate() expects parameter 1 to be resource, boolean given in D:\git\case\xiong\system\library\image.php on line 113
2018-05-20 16:19:54 - PHP Warning:  imagefilledrectangle() expects parameter 1 to be resource, boolean given in D:\git\case\xiong\system\library\image.php on line 116
2018-05-20 16:19:54 - PHP Warning:  imagecopyresampled() expects parameter 1 to be resource, boolean given in D:\git\case\xiong\system\library\image.php on line 118
2018-05-20 16:19:54 - PHP Notice:  Undefined variable: setting in D:\git\case\xiong\vqmod\vqcache\vq2-system_storage_modification_catalog_controller_product_product.php on line 29
2018-05-20 16:19:54 - PHP Notice:  Undefined variable: setting in D:\git\case\xiong\vqmod\vqcache\vq2-system_storage_modification_catalog_controller_product_product.php on line 29
2018-05-20 16:19:54 - PHP Notice:  Undefined variable: setting in D:\git\case\xiong\vqmod\vqcache\vq2-system_storage_modification_catalog_controller_product_product.php on line 29
2018-05-20 16:19:54 - PHP Notice:  Undefined variable: setting in D:\git\case\xiong\vqmod\vqcache\vq2-system_storage_modification_catalog_controller_product_product.php on line 29
2018-05-20 16:19:54 - PHP Notice:  Undefined variable: setting in D:\git\case\xiong\vqmod\vqcache\vq2-system_storage_modification_catalog_controller_product_product.php on line 29
2018-05-20 16:19:54 - PHP Notice:  Undefined variable: setting in D:\git\case\xiong\vqmod\vqcache\vq2-system_storage_modification_catalog_controller_product_product.php on line 29
2018-05-20 16:19:54 - PHP Notice:  Undefined variable: setting in D:\git\case\xiong\vqmod\vqcache\vq2-system_storage_modification_catalog_controller_product_product.php on line 29
2018-05-20 16:19:54 - PHP Notice:  Undefined variable: setting in D:\git\case\xiong\vqmod\vqcache\vq2-system_storage_modification_catalog_controller_product_product.php on line 29
2018-05-20 16:19:54 - PHP Notice:  Undefined variable: setting in D:\git\case\xiong\vqmod\vqcache\vq2-system_storage_modification_catalog_controller_product_product.php on line 29
2018-05-20 16:19:54 - PHP Notice:  Undefined variable: setting in D:\git\case\xiong\vqmod\vqcache\vq2-system_storage_modification_catalog_controller_product_product.php on line 29
2018-05-20 16:19:54 - PHP Warning:  imagecreatetruecolor(): Invalid image dimensions in D:\git\case\xiong\system\library\image.php on line 105
2018-05-20 16:19:54 - PHP Warning:  imagecolorallocate() expects parameter 1 to be resource, boolean given in D:\git\case\xiong\system\library\image.php on line 113
2018-05-20 16:19:54 - PHP Warning:  imagefilledrectangle() expects parameter 1 to be resource, boolean given in D:\git\case\xiong\system\library\image.php on line 116
2018-05-20 16:19:54 - PHP Warning:  imagecopyresampled() expects parameter 1 to be resource, boolean given in D:\git\case\xiong\system\library\image.php on line 118
2018-05-20 16:19:54 - PHP Notice:  Undefined variable: setting in D:\git\case\xiong\vqmod\vqcache\vq2-system_storage_modification_catalog_controller_product_product.php on line 29
2018-05-20 16:19:54 - PHP Notice:  Undefined variable: setting in D:\git\case\xiong\vqmod\vqcache\vq2-system_storage_modification_catalog_controller_product_product.php on line 29
2018-05-20 16:19:54 - PHP Notice:  Undefined variable: setting in D:\git\case\xiong\vqmod\vqcache\vq2-system_storage_modification_catalog_controller_product_product.php on line 29
2018-05-20 16:19:54 - PHP Notice:  Undefined variable: setting in D:\git\case\xiong\vqmod\vqcache\vq2-system_storage_modification_catalog_controller_product_product.php on line 29
2018-05-20 16:19:54 - PHP Notice:  Undefined variable: setting in D:\git\case\xiong\vqmod\vqcache\vq2-system_storage_modification_catalog_controller_product_product.php on line 29
2018-05-20 16:19:54 - PHP Notice:  Undefined variable: setting in D:\git\case\xiong\vqmod\vqcache\vq2-system_storage_modification_catalog_controller_product_product.php on line 29
2018-05-20 16:19:54 - PHP Notice:  Undefined variable: setting in D:\git\case\xiong\vqmod\vqcache\vq2-system_storage_modification_catalog_controller_product_product.php on line 29
2018-05-20 16:19:54 - PHP Notice:  Undefined variable: setting in D:\git\case\xiong\vqmod\vqcache\vq2-system_storage_modification_catalog_controller_product_product.php on line 29
2018-05-20 16:19:54 - PHP Notice:  Undefined variable: setting in D:\git\case\xiong\vqmod\vqcache\vq2-system_storage_modification_catalog_controller_product_product.php on line 29
2018-05-20 16:19:54 - PHP Notice:  Undefined variable: setting in D:\git\case\xiong\vqmod\vqcache\vq2-system_storage_modification_catalog_controller_product_product.php on line 29
2018-05-20 16:19:54 - PHP Notice:  Undefined variable: setting in D:\git\case\xiong\vqmod\vqcache\vq2-system_storage_modification_catalog_controller_product_product.php on line 29
2018-05-20 16:19:54 - PHP Notice:  Undefined variable: setting in D:\git\case\xiong\vqmod\vqcache\vq2-system_storage_modification_catalog_controller_product_product.php on line 29
2018-05-20 16:19:54 - PHP Notice:  Undefined variable: setting in D:\git\case\xiong\vqmod\vqcache\vq2-system_storage_modification_catalog_controller_product_product.php on line 29
2018-05-20 16:19:54 - PHP Notice:  Undefined variable: setting in D:\git\case\xiong\vqmod\vqcache\vq2-system_storage_modification_catalog_controller_product_product.php on line 29
2018-05-20 16:19:54 - PHP Notice:  Undefined variable: setting in D:\git\case\xiong\vqmod\vqcache\vq2-system_storage_modification_catalog_controller_product_product.php on line 29
2018-05-20 16:19:54 - PHP Notice:  Undefined variable: setting in D:\git\case\xiong\vqmod\vqcache\vq2-system_storage_modification_catalog_controller_product_product.php on line 29
2018-05-20 16:19:54 - PHP Notice:  Undefined variable: setting in D:\git\case\xiong\vqmod\vqcache\vq2-system_storage_modification_catalog_controller_product_product.php on line 29
2018-05-20 16:19:54 - PHP Notice:  Undefined variable: setting in D:\git\case\xiong\vqmod\vqcache\vq2-system_storage_modification_catalog_controller_product_product.php on line 29
2018-05-20 16:19:54 - PHP Warning:  imagecreatetruecolor(): Invalid image dimensions in D:\git\case\xiong\system\library\image.php on line 105
2018-05-20 16:19:54 - PHP Warning:  imagealphablending() expects parameter 1 to be resource, boolean given in D:\git\case\xiong\system\library\image.php on line 108
2018-05-20 16:19:54 - PHP Warning:  imagesavealpha() expects parameter 1 to be resource, boolean given in D:\git\case\xiong\system\library\image.php on line 109
2018-05-20 16:19:54 - PHP Warning:  imagecolorallocatealpha() expects parameter 1 to be resource, boolean given in D:\git\case\xiong\system\library\image.php on line 110
2018-05-20 16:19:54 - PHP Warning:  imagecolortransparent() expects parameter 1 to be resource, boolean given in D:\git\case\xiong\system\library\image.php on line 111
2018-05-20 16:19:54 - PHP Warning:  imagefilledrectangle() expects parameter 1 to be resource, boolean given in D:\git\case\xiong\system\library\image.php on line 116
2018-05-20 16:19:54 - PHP Warning:  imagecopyresampled() expects parameter 1 to be resource, boolean given in D:\git\case\xiong\system\library\image.php on line 118
2018-05-20 16:19:54 - PHP Notice:  Undefined variable: setting in D:\git\case\xiong\vqmod\vqcache\vq2-system_storage_modification_catalog_controller_product_product.php on line 29
2018-05-20 16:19:54 - PHP Notice:  Undefined variable: setting in D:\git\case\xiong\vqmod\vqcache\vq2-system_storage_modification_catalog_controller_product_product.php on line 29
2018-05-20 16:19:54 - PHP Notice:  Undefined variable: setting in D:\git\case\xiong\vqmod\vqcache\vq2-system_storage_modification_catalog_controller_product_product.php on line 29
2018-05-20 16:19:54 - PHP Notice:  Undefined variable: setting in D:\git\case\xiong\vqmod\vqcache\vq2-system_storage_modification_catalog_controller_product_product.php on line 29
2018-05-20 16:19:54 - PHP Notice:  Undefined variable: setting in D:\git\case\xiong\vqmod\vqcache\vq2-system_storage_modification_catalog_controller_product_product.php on line 29
2018-05-20 16:19:54 - PHP Notice:  Undefined variable: setting in D:\git\case\xiong\vqmod\vqcache\vq2-system_storage_modification_catalog_controller_product_product.php on line 29
2018-05-20 16:19:54 - PHP Notice:  Undefined variable: setting in D:\git\case\xiong\vqmod\vqcache\vq2-system_storage_modification_catalog_controller_product_product.php on line 29
2018-05-20 16:19:54 - PHP Notice:  Undefined variable: setting in D:\git\case\xiong\vqmod\vqcache\vq2-system_storage_modification_catalog_controller_product_product.php on line 29
2018-05-20 16:19:54 - PHP Notice:  Undefined variable: setting in D:\git\case\xiong\vqmod\vqcache\vq2-system_storage_modification_catalog_controller_product_product.php on line 29
2018-05-20 16:19:54 - PHP Notice:  Undefined variable: setting in D:\git\case\xiong\vqmod\vqcache\vq2-system_storage_modification_catalog_controller_product_product.php on line 29
2018-05-20 16:19:55 - PHP Notice:  Undefined index: start in D:\git\case\xiong\vqmod\vqcache\vq2-system_storage_modification_catalog_controller_product_product.php on line 10
2018-05-20 16:19:56 - PHP Notice:  Undefined variable: setting in D:\git\case\xiong\vqmod\vqcache\vq2-system_storage_modification_catalog_controller_product_product.php on line 29
2018-05-20 16:19:56 - PHP Notice:  Undefined variable: setting in D:\git\case\xiong\vqmod\vqcache\vq2-system_storage_modification_catalog_controller_product_product.php on line 29
2018-05-20 16:19:56 - PHP Warning:  imagecreatetruecolor(): Invalid image dimensions in D:\git\case\xiong\system\library\image.php on line 105
2018-05-20 16:19:56 - PHP Warning:  imagecolorallocate() expects parameter 1 to be resource, boolean given in D:\git\case\xiong\system\library\image.php on line 113
2018-05-20 16:19:56 - PHP Warning:  imagefilledrectangle() expects parameter 1 to be resource, boolean given in D:\git\case\xiong\system\library\image.php on line 116
2018-05-20 16:19:56 - PHP Warning:  imagecopyresampled() expects parameter 1 to be resource, boolean given in D:\git\case\xiong\system\library\image.php on line 118
2018-05-20 16:19:56 - PHP Notice:  Undefined variable: setting in D:\git\case\xiong\vqmod\vqcache\vq2-system_storage_modification_catalog_controller_product_product.php on line 29
2018-05-20 16:19:56 - PHP Notice:  Undefined variable: setting in D:\git\case\xiong\vqmod\vqcache\vq2-system_storage_modification_catalog_controller_product_product.php on line 29
2018-05-20 16:19:56 - PHP Notice:  Undefined variable: setting in D:\git\case\xiong\vqmod\vqcache\vq2-system_storage_modification_catalog_controller_product_product.php on line 29
2018-05-20 16:19:56 - PHP Notice:  Undefined variable: setting in D:\git\case\xiong\vqmod\vqcache\vq2-system_storage_modification_catalog_controller_product_product.php on line 29
2018-05-20 16:19:56 - PHP Notice:  Undefined variable: setting in D:\git\case\xiong\vqmod\vqcache\vq2-system_storage_modification_catalog_controller_product_product.php on line 29
2018-05-20 16:19:56 - PHP Notice:  Undefined variable: setting in D:\git\case\xiong\vqmod\vqcache\vq2-system_storage_modification_catalog_controller_product_product.php on line 29
2018-05-20 16:19:56 - PHP Notice:  Undefined variable: setting in D:\git\case\xiong\vqmod\vqcache\vq2-system_storage_modification_catalog_controller_product_product.php on line 29
2018-05-20 16:19:56 - PHP Notice:  Undefined variable: setting in D:\git\case\xiong\vqmod\vqcache\vq2-system_storage_modification_catalog_controller_product_product.php on line 29
2018-05-20 16:19:56 - PHP Notice:  Undefined variable: setting in D:\git\case\xiong\vqmod\vqcache\vq2-system_storage_modification_catalog_controller_product_product.php on line 29
2018-05-20 16:19:56 - PHP Notice:  Undefined variable: setting in D:\git\case\xiong\vqmod\vqcache\vq2-system_storage_modification_catalog_controller_product_product.php on line 29
2018-05-20 16:19:56 - PHP Warning:  imagecreatetruecolor(): Invalid image dimensions in D:\git\case\xiong\system\library\image.php on line 105
2018-05-20 16:19:56 - PHP Warning:  imagecolorallocate() expects parameter 1 to be resource, boolean given in D:\git\case\xiong\system\library\image.php on line 113
2018-05-20 16:19:56 - PHP Warning:  imagefilledrectangle() expects parameter 1 to be resource, boolean given in D:\git\case\xiong\system\library\image.php on line 116
2018-05-20 16:19:56 - PHP Warning:  imagecopyresampled() expects parameter 1 to be resource, boolean given in D:\git\case\xiong\system\library\image.php on line 118
2018-05-20 16:19:56 - PHP Notice:  Undefined variable: setting in D:\git\case\xiong\vqmod\vqcache\vq2-system_storage_modification_catalog_controller_product_product.php on line 29
2018-05-20 16:19:56 - PHP Notice:  Undefined variable: setting in D:\git\case\xiong\vqmod\vqcache\vq2-system_storage_modification_catalog_controller_product_product.php on line 29
2018-05-20 16:19:56 - PHP Notice:  Undefined variable: setting in D:\git\case\xiong\vqmod\vqcache\vq2-system_storage_modification_catalog_controller_product_product.php on line 29
2018-05-20 16:19:56 - PHP Notice:  Undefined variable: setting in D:\git\case\xiong\vqmod\vqcache\vq2-system_storage_modification_catalog_controller_product_product.php on line 29
2018-05-20 16:19:56 - PHP Notice:  Undefined variable: setting in D:\git\case\xiong\vqmod\vqcache\vq2-system_storage_modification_catalog_controller_product_product.php on line 29
2018-05-20 16:19:56 - PHP Notice:  Undefined variable: setting in D:\git\case\xiong\vqmod\vqcache\vq2-system_storage_modification_catalog_controller_product_product.php on line 29
2018-05-20 16:19:56 - PHP Notice:  Undefined variable: setting in D:\git\case\xiong\vqmod\vqcache\vq2-system_storage_modification_catalog_controller_product_product.php on line 29
2018-05-20 16:19:56 - PHP Notice:  Undefined variable: setting in D:\git\case\xiong\vqmod\vqcache\vq2-system_storage_modification_catalog_controller_product_product.php on line 29
2018-05-20 16:19:56 - PHP Notice:  Undefined variable: setting in D:\git\case\xiong\vqmod\vqcache\vq2-system_storage_modification_catalog_controller_product_product.php on line 29
2018-05-20 16:19:56 - PHP Notice:  Undefined variable: setting in D:\git\case\xiong\vqmod\vqcache\vq2-system_storage_modification_catalog_controller_product_product.php on line 29
2018-05-20 16:19:56 - PHP Notice:  Undefined variable: setting in D:\git\case\xiong\vqmod\vqcache\vq2-system_storage_modification_catalog_controller_product_product.php on line 29
2018-05-20 16:19:56 - PHP Notice:  Undefined variable: setting in D:\git\case\xiong\vqmod\vqcache\vq2-system_storage_modification_catalog_controller_product_product.php on line 29
2018-05-20 16:19:56 - PHP Notice:  Undefined variable: setting in D:\git\case\xiong\vqmod\vqcache\vq2-system_storage_modification_catalog_controller_product_product.php on line 29
2018-05-20 16:19:56 - PHP Notice:  Undefined variable: setting in D:\git\case\xiong\vqmod\vqcache\vq2-system_storage_modification_catalog_controller_product_product.php on line 29
2018-05-20 16:19:56 - PHP Notice:  Undefined variable: setting in D:\git\case\xiong\vqmod\vqcache\vq2-system_storage_modification_catalog_controller_product_product.php on line 29
2018-05-20 16:19:56 - PHP Notice:  Undefined variable: setting in D:\git\case\xiong\vqmod\vqcache\vq2-system_storage_modification_catalog_controller_product_product.php on line 29
2018-05-20 16:19:56 - PHP Notice:  Undefined variable: setting in D:\git\case\xiong\vqmod\vqcache\vq2-system_storage_modification_catalog_controller_product_product.php on line 29
2018-05-20 16:19:56 - PHP Notice:  Undefined variable: setting in D:\git\case\xiong\vqmod\vqcache\vq2-system_storage_modification_catalog_controller_product_product.php on line 29
2018-05-20 16:19:56 - PHP Warning:  imagecreatetruecolor(): Invalid image dimensions in D:\git\case\xiong\system\library\image.php on line 105
2018-05-20 16:19:56 - PHP Warning:  imagealphablending() expects parameter 1 to be resource, boolean given in D:\git\case\xiong\system\library\image.php on line 108
2018-05-20 16:19:56 - PHP Warning:  imagesavealpha() expects parameter 1 to be resource, boolean given in D:\git\case\xiong\system\library\image.php on line 109
2018-05-20 16:19:56 - PHP Warning:  imagecolorallocatealpha() expects parameter 1 to be resource, boolean given in D:\git\case\xiong\system\library\image.php on line 110
2018-05-20 16:19:56 - PHP Warning:  imagecolortransparent() expects parameter 1 to be resource, boolean given in D:\git\case\xiong\system\library\image.php on line 111
2018-05-20 16:19:56 - PHP Warning:  imagefilledrectangle() expects parameter 1 to be resource, boolean given in D:\git\case\xiong\system\library\image.php on line 116
2018-05-20 16:19:56 - PHP Warning:  imagecopyresampled() expects parameter 1 to be resource, boolean given in D:\git\case\xiong\system\library\image.php on line 118
2018-05-20 16:19:56 - PHP Notice:  Undefined variable: setting in D:\git\case\xiong\vqmod\vqcache\vq2-system_storage_modification_catalog_controller_product_product.php on line 29
2018-05-20 16:19:56 - PHP Notice:  Undefined variable: setting in D:\git\case\xiong\vqmod\vqcache\vq2-system_storage_modification_catalog_controller_product_product.php on line 29
2018-05-20 16:19:56 - PHP Notice:  Undefined variable: setting in D:\git\case\xiong\vqmod\vqcache\vq2-system_storage_modification_catalog_controller_product_product.php on line 29
2018-05-20 16:19:56 - PHP Notice:  Undefined variable: setting in D:\git\case\xiong\vqmod\vqcache\vq2-system_storage_modification_catalog_controller_product_product.php on line 29
2018-05-20 16:19:56 - PHP Notice:  Undefined variable: setting in D:\git\case\xiong\vqmod\vqcache\vq2-system_storage_modification_catalog_controller_product_product.php on line 29
2018-05-20 16:19:56 - PHP Notice:  Undefined variable: setting in D:\git\case\xiong\vqmod\vqcache\vq2-system_storage_modification_catalog_controller_product_product.php on line 29
2018-05-20 16:19:56 - PHP Notice:  Undefined variable: setting in D:\git\case\xiong\vqmod\vqcache\vq2-system_storage_modification_catalog_controller_product_product.php on line 29
2018-05-20 16:19:56 - PHP Notice:  Undefined variable: setting in D:\git\case\xiong\vqmod\vqcache\vq2-system_storage_modification_catalog_controller_product_product.php on line 29
2018-05-20 16:19:56 - PHP Notice:  Undefined variable: setting in D:\git\case\xiong\vqmod\vqcache\vq2-system_storage_modification_catalog_controller_product_product.php on line 29
2018-05-20 16:19:56 - PHP Notice:  Undefined variable: setting in D:\git\case\xiong\vqmod\vqcache\vq2-system_storage_modification_catalog_controller_product_product.php on line 29
