---------- Date: 2018-03-14 00:39:34 ~ IP : 127.0.0.1 ----------
REQUEST URI : /index.php?route=checkout/checkout
MOD DETAILS:
   modFile   : D:\git\case\xiong\vqmod/xml/opencartmy_shipping_logo_setting_bonus.xml
   id        : OpencartMy - Shipping Method Logo Setting (Bonus for Flat Rate, Free Shipping, Pickup From Store)
   version   : 2.0
   vqmver    : 2.4.1
   author    : opencartmy@gmail.com

File Name    : catalog/language/english/shipping/free.php(0)
VQModObject::applyMod - SEARCH NOT FOUND (ABORTING MOD): ?>

----------------------------------------------------------------------


---------- Date: 2018-03-14 00:52:28 ~ IP : 127.0.0.1 ----------
REQUEST URI : /index.php?route=checkout/checkout
MOD DETAILS:
   modFile   : D:\git\case\xiong\vqmod/xml/a_vqmod_d_compatibilty_fix_230.xml
   id        : d_compatibilty_fix_230
   version   : 1.0.0
   vqmver    : 2.1.1
   author    : Dreamvention.com
VQModObject::parseMods - Could not resolve path for [admin/controller/event/compatibility.php] (SKIPPED)
VQModObject::parseMods - Could not resolve path for [admin/controller/extension/extension/feed.php] (SKIPPED)
VQModObject::parseMods - Could not resolve path for [admin/controller/extension/extension/fraud.php] (SKIPPED)
VQModObject::parseMods - Could not resolve path for [admin/controller/extension/extension/module.php] (SKIPPED)
VQModObject::parseMods - Could not resolve path for [admin/controller/extension/extension/payment.php] (SKIPPED)
VQModObject::parseMods - Could not resolve path for [admin/controller/extension/extension/shipping.php] (SKIPPED)
VQModObject::parseMods - Could not resolve path for [admin/controller/extension/extension/theme.php] (SKIPPED)
VQModObject::parseMods - Could not resolve path for [admin/controller/extension/extension/total.php] (SKIPPED)
VQModObject::parseMods - Could not resolve path for [catalog/controller/event/compatibility.php] (SKIPPED)
VQModObject::parseMods - Could not resolve path for [system/library/cart/user.php] (SKIPPED)
VQModObject::parseMods - Could not resolve path for [system/config/catalog.php] (SKIPPED)
MOD DETAILS:
   modFile   : D:\git\case\xiong\vqmod/xml/a_vqmod_d_quickcheckout.xml
   id        : AJAX QUICK CHECKOUT V6 BY DREAMVENTION
   version   : 2.0.0.0
   vqmver    : 2.2.1
   author    : dreamvention.com
VQModObject::parseMods - Could not resolve path for [system/library/cart/tax.php] (SKIPPED)
MOD DETAILS:
   modFile   : D:\git\case\xiong\vqmod/xml/a_vqmod_d_social_login.xml
   id        : d_social_login
   version   : 2.x
   vqmver    : 2.4.1
   author    : dreamvention.com
VQModObject::parseMods - Could not resolve path for [admin/model/sale/customer.php] (SKIPPED)

MOD DETAILS:
   modFile   : D:\git\case\xiong\vqmod/xml/vqmod_admin_filter_products_by_category_2_0_7.xml
   id        : Admin Filter Products By Category
   version   : 2.0.6
   vqmver    : 1.0.8
   author    : Modification: dobv@seznam.cz
VQModObject::parseMods - Could not resolve path for [admin/language/czech/catalog/product.php] (SKIPPED)
----------------------------------------------------------------------


---------- Date: 2018-03-14 00:53:36 ~ IP : 127.0.0.1 ----------
REQUEST URI : /index.php?route=checkout/checkout
MOD DETAILS:
   modFile   : D:\git\case\xiong\vqmod/xml/a_vqmod_d_compatibilty_fix_230.xml
   id        : d_compatibilty_fix_230
   version   : 1.0.0
   vqmver    : 2.1.1
   author    : Dreamvention.com
VQModObject::parseMods - Could not resolve path for [admin/controller/event/compatibility.php] (SKIPPED)
VQModObject::parseMods - Could not resolve path for [admin/controller/extension/extension/feed.php] (SKIPPED)
VQModObject::parseMods - Could not resolve path for [admin/controller/extension/extension/fraud.php] (SKIPPED)
VQModObject::parseMods - Could not resolve path for [admin/controller/extension/extension/module.php] (SKIPPED)
VQModObject::parseMods - Could not resolve path for [admin/controller/extension/extension/payment.php] (SKIPPED)
VQModObject::parseMods - Could not resolve path for [admin/controller/extension/extension/shipping.php] (SKIPPED)
VQModObject::parseMods - Could not resolve path for [admin/controller/extension/extension/theme.php] (SKIPPED)
VQModObject::parseMods - Could not resolve path for [admin/controller/extension/extension/total.php] (SKIPPED)
VQModObject::parseMods - Could not resolve path for [catalog/controller/event/compatibility.php] (SKIPPED)
VQModObject::parseMods - Could not resolve path for [system/library/cart/user.php] (SKIPPED)
VQModObject::parseMods - Could not resolve path for [system/config/catalog.php] (SKIPPED)
MOD DETAILS:
   modFile   : D:\git\case\xiong\vqmod/xml/a_vqmod_d_quickcheckout.xml
   id        : AJAX QUICK CHECKOUT V6 BY DREAMVENTION
   version   : 2.0.0.0
   vqmver    : 2.2.1
   author    : dreamvention.com
VQModObject::parseMods - Could not resolve path for [system/library/cart/tax.php] (SKIPPED)
MOD DETAILS:
   modFile   : D:\git\case\xiong\vqmod/xml/a_vqmod_d_social_login.xml
   id        : d_social_login
   version   : 2.x
   vqmver    : 2.4.1
   author    : dreamvention.com
VQModObject::parseMods - Could not resolve path for [admin/model/sale/customer.php] (SKIPPED)

MOD DETAILS:
   modFile   : D:\git\case\xiong\vqmod/xml/vqmod_admin_filter_products_by_category_2_0_7.xml
   id        : Admin Filter Products By Category
   version   : 2.0.6
   vqmver    : 1.0.8
   author    : Modification: dobv@seznam.cz
VQModObject::parseMods - Could not resolve path for [admin/language/czech/catalog/product.php] (SKIPPED)
MOD DETAILS:
   modFile   : D:\git\case\xiong\vqmod/xml/opencartmy_shipping_logo_setting_bonus.xml
   id        : OpencartMy - Shipping Method Logo Setting (Bonus for Flat Rate, Free Shipping, Pickup From Store)
   version   : 2.0
   vqmver    : 2.4.1
   author    : opencartmy@gmail.com

File Name    : catalog/language/english/shipping/free.php(0)
VQModObject::applyMod - SEARCH NOT FOUND (ABORTING MOD): ?>

----------------------------------------------------------------------


