---------- Date: 2017-02-04 09:52:57 ~ IP : 113.104.198.179 ----------
REQUEST URI : /admin/index.php?route=common/dashboard&token=tK4svbvMsY1X5djDYQU2wqjICfumOROB
MOD DETAILS:
   modFile   : /home/micha496/public_html/vqmod/xml/a_vqmod_d_quickcheckout.xml
   id        : AJAX QUICK CHECKOUT V6 BY DREAMVENTION
   version   : 2.0.0.0
   vqmver    : 2.2.1
   author    : dreamvention.com
VQModObject::parseMods - Could not resolve path for [system/library/cart/tax.php] (SKIPPED)
MOD DETAILS:
   modFile   : /home/micha496/public_html/vqmod/xml/vqmod_admin_filter_products_by_category_2_0_7.xml
   id        : Admin Filter Products By Category
   version   : 2.0.6
   vqmver    : 1.0.8
   author    : Modification: dobv@seznam.cz
VQModObject::parseMods - Could not resolve path for [admin/language/czech/catalog/product.php] (SKIPPED)
----------------------------------------------------------------------


---------- Date: 2017-02-04 10:06:30 ~ IP : 113.104.198.179 ----------
REQUEST URI : /admin/
MOD DETAILS:
   modFile   : /home/micha496/public_html/vqmod/xml/a_vqmod_d_quickcheckout.xml
   id        : AJAX QUICK CHECKOUT V6 BY DREAMVENTION
   version   : 2.0.0.0
   vqmver    : 2.2.1
   author    : dreamvention.com
VQModObject::parseMods - Could not resolve path for [system/library/cart/tax.php] (SKIPPED)
MOD DETAILS:
   modFile   : /home/micha496/public_html/vqmod/xml/vqmod_admin_filter_products_by_category_2_0_7.xml
   id        : Admin Filter Products By Category
   version   : 2.0.6
   vqmver    : 1.0.8
   author    : Modification: dobv@seznam.cz
VQModObject::parseMods - Could not resolve path for [admin/language/czech/catalog/product.php] (SKIPPED)
----------------------------------------------------------------------


---------- Date: 2017-02-04 10:11:49 ~ IP : 2001:0e42:0102:1815:0160:0016:0226:0187 ----------
REQUEST URI : /index.php?route=checkout/checkout
MOD DETAILS:
   modFile   : /home/micha496/public_html/vqmod/xml/opencartmy_shipping_logo_setting_bonus.xml
   id        : OpencartMy - Shipping Method Logo Setting (Bonus for Flat Rate, Free Shipping, Pickup From Store)
   version   : 2.0
   vqmver    : 2.4.1
   author    : opencartmy@gmail.com

File Name    : catalog/language/english/shipping/free.php(0)
VQModObject::applyMod - SEARCH NOT FOUND (ABORTING MOD): ?>

----------------------------------------------------------------------


---------- Date: 2017-02-04 10:14:58 ~ IP : 60.178.51.116 ----------
REQUEST URI : /admin/index.php?route=sale/order&token=qnHeLPHfVXMCMdv1RGcJ8inFejgljitm&page=2
MOD DETAILS:
   modFile   : /home/micha496/public_html/vqmod/xml/a_vqmod_d_quickcheckout.xml
   id        : AJAX QUICK CHECKOUT V6 BY DREAMVENTION
   version   : 2.0.0.0
   vqmver    : 2.2.1
   author    : dreamvention.com
VQModObject::parseMods - Could not resolve path for [system/library/cart/tax.php] (SKIPPED)
MOD DETAILS:
   modFile   : /home/micha496/public_html/vqmod/xml/vqmod_admin_filter_products_by_category_2_0_7.xml
   id        : Admin Filter Products By Category
   version   : 2.0.6
   vqmver    : 1.0.8
   author    : Modification: dobv@seznam.cz
VQModObject::parseMods - Could not resolve path for [admin/language/czech/catalog/product.php] (SKIPPED)
----------------------------------------------------------------------


---------- Date: 2017-02-04 10:17:16 ~ IP : 2001:0e42:0102:1815:0160:0016:0226:0187 ----------
REQUEST URI : /index.php?route=checkout/checkout
MOD DETAILS:
   modFile   : /home/micha496/public_html/vqmod/xml/opencartmy_shipping_logo_setting_bonus.xml
   id        : OpencartMy - Shipping Method Logo Setting (Bonus for Flat Rate, Free Shipping, Pickup From Store)
   version   : 2.0
   vqmver    : 2.4.1
   author    : opencartmy@gmail.com

File Name    : catalog/language/english/shipping/free.php(0)
VQModObject::applyMod - SEARCH NOT FOUND (ABORTING MOD): ?>

----------------------------------------------------------------------


---------- Date: 2017-02-04 14:03:02 ~ IP : 14.155.27.41 ----------
REQUEST URI : /admin/index.php?route=sale/order/info&token=JpNJ3lQajlWXGBh1x4MaG3p1jKk52XWA&order_id=737
MOD DETAILS:
   modFile   : /home/micha496/public_html/vqmod/xml/a_vqmod_d_quickcheckout.xml
   id        : AJAX QUICK CHECKOUT V6 BY DREAMVENTION
   version   : 2.0.0.0
   vqmver    : 2.2.1
   author    : dreamvention.com
VQModObject::parseMods - Could not resolve path for [system/library/cart/tax.php] (SKIPPED)
MOD DETAILS:
   modFile   : /home/micha496/public_html/vqmod/xml/vqmod_admin_filter_products_by_category_2_0_7.xml
   id        : Admin Filter Products By Category
   version   : 2.0.6
   vqmver    : 1.0.8
   author    : Modification: dobv@seznam.cz
VQModObject::parseMods - Could not resolve path for [admin/language/czech/catalog/product.php] (SKIPPED)
----------------------------------------------------------------------


---------- Date: 2017-02-04 15:10:08 ~ IP : 213.132.136.211 ----------
REQUEST URI : /index.php?route=checkout/checkout
MOD DETAILS:
   modFile   : /home/micha496/public_html/vqmod/xml/opencartmy_shipping_logo_setting_bonus.xml
   id        : OpencartMy - Shipping Method Logo Setting (Bonus for Flat Rate, Free Shipping, Pickup From Store)
   version   : 2.0
   vqmver    : 2.4.1
   author    : opencartmy@gmail.com

File Name    : catalog/language/english/shipping/free.php(0)
VQModObject::applyMod - SEARCH NOT FOUND (ABORTING MOD): ?>

----------------------------------------------------------------------


